Sandbox logs:

600 {
"listings": {
    "BANANAS": {"denomination": 1, "product": "BANANAS", "symbol": "BANANAS"}, 
    "PEARLS": {"denomination": 1, "product": "PEARLS", "symbol": "PEARLS"}}, 
"market_trades": {
    "BANANAS": [
        {"buyer": "", "price": 4952.0, "quantity": 1, "seller": "", "symbol": "BANANAS", "timestamp": 500}
        ], 
    "PEARLS": [
        {"buyer": "", "price": 10004.0, "quantity": 1, "seller": "", "symbol": "PEARLS", "timestamp": 500}, 
        {"buyer": "", "price": 10002.0, "quantity": 1, "seller": "", "symbol": "PEARLS", "timestamp": 500}
        ]}, 
"observations": {}, 
"order_depths": {
    "BANANAS": {
        "buy_orders": {"4945": 24, "4946": 2}, 
        "sell_orders": {"4950": -9, "4952": -26}}, 
    "PEARLS": {
        "buy_orders": {"9995": 24, "9996": 2}, 
        "sell_orders": {"10002": -9, "10004": -2, "10005": -24}}}, 
"own_trades": {}, 
"position": {}, 
"timestamp": 600}
