Sandbox logs:
0 {
    "listings": {
        "BANANAS": {"denomination": 1, "product": "BANANAS", "symbol": "BANANAS"}, 
        "PEARLS": {"denomination": 1, "product": "PEARLS", "symbol": "PEARLS"}
        }, 
    "market_trades": {}, 
    "observations": {}, 
    "order_depths": {
        "BANANAS": {
            "buy_orders": {"4945": 30, "4946": 1}, 
            "sell_orders": {"4952": -30}
            }, 
        "PEARLS": {
            "buy_orders": {"9995": 30, "9998": 1}, 
            "sell_orders": {"10005": -30}
            }
        }, 
    "own_trades": {}, 
    "position": {}, 
    "timestamp": 0
    }
